TN:
SF:src\index.js
FNF:0
FNH:0
DA:1,1
DA:2,1
DA:3,1
DA:4,1
DA:5,1
DA:6,1
DA:7,1
DA:8,1
DA:9,1
DA:10,1
DA:11,1
DA:12,1
DA:13,1
DA:14,1
DA:15,1
DA:16,1
DA:17,1
DA:18,1
DA:19,1
DA:20,1
DA:21,1
DA:22,1
LF:22
LH:22
BRDA:1,0,0,1
BRF:1
BRH:1
end_of_record
TN:
SF:src\lib\base.js
FN:4,generateId
FN:10,<instance_members_initializer>
FN:20,Base
FN:36,get
FN:37,get
FN:42,get name
FN:46,set name
FN:60,get description
FN:64,set description
FN:78,get data
FN:94,set TTL
FN:126,on
FN:134,once
FN:139,fn
FN:148,emit
FN:164,relay
FN:168,destroy
FN:175,reset
FNF:18
FNH:18
FNDA:218,generateId
FNDA:219,<instance_members_initializer>
FNDA:219,Base
FNDA:378,get
FNDA:528,get
FNDA:628,get name
FNDA:135,set name
FNDA:213,get description
FNDA:21,set description
FNDA:142,get data
FNDA:1,set TTL
FNDA:84,on
FNDA:3,once
FNDA:3,fn
FNDA:431,emit
FNDA:5,relay
FNDA:6,destroy
FNDA:15,reset
DA:1,1
DA:2,1
DA:3,1
DA:4,218
DA:5,218
DA:6,218
DA:7,218
DA:8,218
DA:9,1
DA:10,1
DA:11,219
DA:12,219
DA:13,219
DA:14,219
DA:15,219
DA:16,219
DA:17,219
DA:18,219
DA:19,219
DA:20,219
DA:21,219
DA:22,215
DA:23,215
DA:24,219
DA:25,219
DA:26,219
DA:27,219
DA:28,219
DA:29,1
DA:30,1
DA:31,219
DA:32,218
DA:33,218
DA:34,219
DA:35,219
DA:36,219
DA:37,219
DA:38,219
DA:39,219
DA:40,219
DA:41,219
DA:42,219
DA:43,628
DA:44,628
DA:45,219
DA:46,219
DA:47,135
DA:48,135
DA:49,0
DA:50,0
DA:51,135
DA:52,135
DA:53,135
DA:54,134
DA:55,134
DA:56,134
DA:57,134
DA:58,135
DA:59,219
DA:60,219
DA:61,213
DA:62,213
DA:63,219
DA:64,219
DA:65,21
DA:66,21
DA:67,0
DA:68,0
DA:69,21
DA:70,21
DA:71,21
DA:72,17
DA:73,17
DA:74,17
DA:75,17
DA:76,21
DA:77,219
DA:78,219
DA:79,142
DA:80,142
DA:81,142
DA:82,142
DA:83,142
DA:84,142
DA:85,219
DA:86,219
DA:87,219
DA:88,219
DA:89,219
DA:90,219
DA:91,219
DA:92,219
DA:93,219
DA:94,219
DA:95,1
DA:96,1
DA:97,1
DA:98,0
DA:99,0
DA:100,1
DA:101,1
DA:102,0
DA:103,0
DA:104,0
DA:105,0
DA:106,0
DA:107,1
DA:108,1
DA:109,1
DA:110,1
DA:111,1
DA:112,1
DA:113,1
DA:114,1
DA:115,1
DA:116,1
DA:117,1
DA:118,1
DA:119,1
DA:120,1
DA:121,1
DA:122,1
DA:123,1
DA:124,1
DA:125,219
DA:126,219
DA:127,84
DA:128,84
DA:129,84
DA:130,84
DA:131,84
DA:132,84
DA:133,219
DA:134,219
DA:135,3
DA:136,3
DA:137,3
DA:138,3
DA:139,3
DA:140,3
DA:141,3
DA:142,3
DA:143,3
DA:144,3
DA:145,3
DA:146,3
DA:147,219
DA:148,219
DA:149,431
DA:150,422
DA:151,422
DA:152,422
DA:153,422
DA:154,108
DA:155,108
DA:156,422
DA:157,422
DA:158,38
DA:159,38
DA:160,38
DA:161,422
DA:162,431
DA:163,219
DA:164,219
DA:165,5
DA:166,5
DA:167,219
DA:168,219
DA:169,6
DA:170,6
DA:171,6
DA:172,6
DA:173,6
DA:174,219
DA:175,219
DA:176,15
DA:177,15
DA:178,15
DA:179,15
DA:180,15
DA:181,15
DA:182,219
LF:182
LH:171
BRDA:1,0,0,1
BRDA:4,1,0,218
BRDA:5,2,0,1
BRDA:10,3,0,219
BRDA:20,4,0,219
BRDA:21,5,0,215
BRDA:25,6,0,162
BRDA:26,7,0,218
BRDA:28,8,0,1
BRDA:30,9,0,0
BRDA:31,10,0,218
BRDA:32,11,0,0
BRDA:32,12,0,0
BRDA:36,13,0,378
BRDA:37,14,0,528
BRDA:38,15,0,64
BRDA:42,16,0,628
BRDA:46,17,0,135
BRDA:48,18,0,0
BRDA:53,19,0,134
BRDA:55,20,0,0
BRDA:60,21,0,213
BRDA:61,22,0,176
BRDA:64,23,0,21
BRDA:66,24,0,0
BRDA:71,25,0,17
BRDA:73,26,0,0
BRDA:78,27,0,142
BRDA:94,28,0,1
BRDA:97,29,0,0
BRDA:101,30,0,0
BRDA:109,31,0,1
BRDA:116,32,0,1
BRDA:126,33,0,84
BRDA:128,34,0,76
BRDA:134,35,0,3
BRDA:139,36,0,3
BRDA:148,37,0,431
BRDA:149,38,0,422
BRDA:151,39,0,313
BRDA:153,40,0,108
BRDA:157,41,0,38
BRDA:158,42,0,114
BRDA:164,43,0,5
BRDA:168,44,0,6
BRDA:175,45,0,15
BRF:46
BRH:37
end_of_record
TN:
SF:src\lib\lineage.js
FN:5,<instance_members_initializer>
FN:16,Lineage
FN:27,get name
FN:31,get type
FN:35,get granted
FN:39,get denied
FN:43,get hasRole
FN:47,get empty
FN:51,set stack
FN:71,get stack
FN:75,set right
FN:83,get forced
FN:94,get display
FN:125,get description
FN:162,get group
FN:173,set group
FN:178,set role
FN:182,get role
FN:186,get resource
FN:190,get data
FN:211,grant
FN:219,deny
FNF:22
FNH:17
FNDA:4,<instance_members_initializer>
FNDA:4,Lineage
FNDA:0,get name
FNDA:5,get type
FNDA:2,get granted
FNDA:2,get denied
FNDA:0,get hasRole
FNDA:0,get empty
FNDA:5,set stack
FNDA:17,get stack
FNDA:5,set right
FNDA:4,get forced
FNDA:6,get display
FNDA:6,get description
FNDA:0,get group
FNDA:3,set group
FNDA:4,set role
FNDA:2,get role
FNDA:0,get resource
FNDA:3,get data
FNDA:3,grant
FNDA:1,deny
DA:1,1
DA:2,1
DA:3,1
DA:4,1
DA:5,1
DA:6,4
DA:7,4
DA:8,4
DA:9,4
DA:10,4
DA:11,4
DA:12,4
DA:13,4
DA:14,4
DA:15,4
DA:16,4
DA:17,4
DA:18,0
DA:19,0
DA:20,4
DA:21,4
DA:22,4
DA:23,4
DA:24,4
DA:25,4
DA:26,4
DA:27,4
DA:28,0
DA:29,0
DA:30,4
DA:31,4
DA:32,5
DA:33,5
DA:34,4
DA:35,4
DA:36,2
DA:37,2
DA:38,4
DA:39,4
DA:40,2
DA:41,2
DA:42,4
DA:43,4
DA:44,0
DA:45,0
DA:46,4
DA:47,4
DA:48,0
DA:49,0
DA:50,4
DA:51,4
DA:52,5
DA:53,0
DA:54,0
DA:55,5
DA:56,5
DA:57,5
DA:58,5
DA:59,4
DA:60,4
DA:61,5
DA:62,5
DA:63,5
DA:64,5
DA:65,0
DA:66,0
DA:67,5
DA:68,5
DA:69,5
DA:70,4
DA:71,4
DA:72,17
DA:73,17
DA:74,4
DA:75,4
DA:76,5
DA:77,4
DA:78,4
DA:79,4
DA:80,4
DA:81,5
DA:82,4
DA:83,4
DA:84,4
DA:85,4
DA:86,4
DA:87,4
DA:88,4
DA:89,4
DA:90,4
DA:91,4
DA:92,4
DA:93,4
DA:94,4
DA:95,6
DA:96,6
DA:97,6
DA:98,0
DA:99,0
DA:100,6
DA:101,6
DA:102,6
DA:103,16
DA:104,4
DA:105,4
DA:106,12
DA:107,16
DA:108,6
DA:109,6
DA:110,6
DA:111,16
DA:112,4
DA:113,4
DA:114,4
DA:115,2
DA:116,16
DA:117,6
DA:118,6
DA:119,4
DA:120,4
DA:121,4
DA:122,4
DA:123,4
DA:124,4
DA:125,4
DA:126,6
DA:127,6
DA:128,6
DA:129,0
DA:130,0
DA:131,6
DA:132,6
DA:133,0
DA:134,0
DA:135,6
DA:136,6
DA:137,16
DA:138,4
DA:139,4
DA:140,12
DA:141,16
DA:142,6
DA:143,6
DA:144,6
DA:145,16
DA:146,4
DA:147,4
DA:148,2
DA:149,16
DA:150,2
DA:151,2
DA:152,0
DA:153,16
DA:154,6
DA:155,6
DA:156,6
DA:157,6
DA:158,6
DA:159,6
DA:160,6
DA:161,4
DA:162,4
DA:163,0
DA:164,0
DA:165,0
DA:166,0
DA:167,0
DA:168,0
DA:169,0
DA:170,0
DA:171,0
DA:172,4
DA:173,4
DA:174,3
DA:175,3
DA:176,3
DA:177,4
DA:178,4
DA:179,4
DA:180,4
DA:181,4
DA:182,4
DA:183,2
DA:184,2
DA:185,4
DA:186,4
DA:187,0
DA:188,0
DA:189,4
DA:190,4
DA:191,3
DA:192,0
DA:193,0
DA:194,3
DA:195,3
DA:196,3
DA:197,3
DA:198,3
DA:199,3
DA:200,3
DA:201,3
DA:202,3
DA:203,3
DA:204,3
DA:205,3
DA:206,3
DA:207,3
DA:208,3
DA:209,3
DA:210,4
DA:211,4
DA:212,3
DA:213,3
DA:214,3
DA:215,3
DA:216,3
DA:217,3
DA:218,4
DA:219,4
DA:220,1
DA:221,1
DA:222,4
LF:222
LH:190
BRDA:1,0,0,1
BRDA:5,1,0,4
BRDA:16,2,0,4
BRDA:17,3,0,0
BRDA:31,4,0,5
BRDA:35,5,0,2
BRDA:39,6,0,2
BRDA:51,7,0,5
BRDA:52,8,0,0
BRDA:58,9,0,4
BRDA:58,10,0,4
BRDA:64,11,0,0
BRDA:64,12,0,0
BRDA:56,13,0,13
BRDA:71,14,0,17
BRDA:75,15,0,5
BRDA:76,16,0,4
BRDA:76,17,0,4
BRDA:83,18,0,4
BRDA:94,19,0,6
BRDA:97,20,0,0
BRDA:102,21,0,16
BRDA:103,22,0,4
BRDA:106,23,0,12
BRDA:107,24,0,6
BRDA:107,25,0,6
BRDA:108,26,0,2
BRDA:108,27,0,4
BRDA:108,28,0,0
BRDA:108,29,0,4
BRDA:108,30,0,2
BRDA:111,31,0,4
BRDA:113,32,0,0
BRDA:115,33,0,2
BRDA:116,34,0,2
BRDA:116,35,0,0
BRDA:125,36,0,6
BRDA:128,37,0,2
BRDA:128,38,0,0
BRDA:128,39,0,0
BRDA:132,40,0,0
BRDA:132,41,0,16
BRDA:136,42,0,16
BRDA:137,43,0,4
BRDA:140,44,0,12
BRDA:141,45,0,6
BRDA:142,46,0,2
BRDA:142,47,0,4
BRDA:142,48,0,0
BRDA:142,49,0,2
BRDA:142,50,0,4
BRDA:145,51,0,4
BRDA:146,52,0,0
BRDA:146,53,0,0
BRDA:148,54,0,2
BRDA:149,55,0,2
BRDA:152,56,0,0
BRDA:153,57,0,0
BRDA:173,58,0,3
BRDA:175,59,0,1
BRDA:178,60,0,4
BRDA:182,61,0,2
BRDA:190,62,0,3
BRDA:191,63,0,0
BRDA:201,64,0,1
BRDA:201,65,0,2
BRDA:202,66,0,2
BRDA:202,67,0,1
BRDA:205,68,0,8
BRDA:211,69,0,3
BRDA:219,70,0,1
BRF:71
BRH:54
end_of_record
TN:
SF:src\lib\manager.js
FN:4,<instance_members_initializer>
FN:12,Manager
FN:27,get
FN:28,set
FN:33,get data
FN:44,get items
FN:52,get list
FN:56,get size
FN:60,add
FN:78,has
FN:82,get
FN:90,create
FN:98,delete
FN:118,reset
FNF:14
FNH:12
FNDA:25,<instance_members_initializer>
FNDA:25,Manager
FNDA:0,get
FNDA:4,set
FNDA:12,get data
FNDA:50,get items
FNDA:1,get list
FNDA:0,get size
FNDA:147,add
FNDA:9,has
FNDA:223,get
FNDA:48,create
FNDA:14,delete
FNDA:12,reset
DA:1,1
DA:2,1
DA:3,1
DA:4,1
DA:5,25
DA:6,25
DA:7,25
DA:8,25
DA:9,25
DA:10,25
DA:11,25
DA:12,25
DA:13,25
DA:14,23
DA:15,23
DA:16,25
DA:17,25
DA:18,25
DA:19,25
DA:20,25
DA:21,25
DA:22,25
DA:23,25
DA:24,25
DA:25,25
DA:26,25
DA:27,25
DA:28,25
DA:29,25
DA:30,25
DA:31,25
DA:32,25
DA:33,25
DA:34,12
DA:35,12
DA:36,12
DA:37,12
DA:38,12
DA:39,25
DA:40,25
DA:41,25
DA:42,25
DA:43,25
DA:44,25
DA:45,50
DA:46,50
DA:47,25
DA:48,25
DA:49,25
DA:50,25
DA:51,25
DA:52,25
DA:53,1
DA:54,1
DA:55,25
DA:56,25
DA:57,0
DA:58,0
DA:59,25
DA:60,25
DA:61,147
DA:62,147
DA:63,0
DA:64,0
DA:65,147
DA:66,147
DA:67,69
DA:68,69
DA:69,69
DA:70,6
DA:71,6
DA:72,69
DA:73,69
DA:74,69
DA:75,147
DA:76,147
DA:77,25
DA:78,25
DA:79,9
DA:80,9
DA:81,25
DA:82,25
DA:83,223
DA:84,170
DA:85,170
DA:86,53
DA:87,53
DA:88,223
DA:89,25
DA:90,25
DA:91,48
DA:92,48
DA:93,48
DA:94,48
DA:95,48
DA:96,48
DA:97,25
DA:98,25
DA:99,14
DA:100,14
DA:101,14
DA:102,18
DA:103,18
DA:104,18
DA:105,13
DA:106,13
DA:107,13
DA:108,13
DA:109,13
DA:110,13
DA:111,13
DA:112,13
DA:113,13
DA:114,13
DA:115,18
DA:116,14
DA:117,25
DA:118,25
DA:119,12
DA:120,12
DA:121,12
DA:122,12
DA:123,12
DA:124,25
LF:124
LH:120
BRDA:1,0,0,1
BRDA:4,1,0,25
BRDA:12,2,0,25
BRDA:13,3,0,23
BRDA:18,4,0,23
BRDA:28,5,0,4
BRDA:33,6,0,12
BRDA:35,7,0,32
BRDA:44,8,0,50
BRDA:45,9,0,37
BRDA:52,10,0,1
BRDA:60,11,0,147
BRDA:62,12,0,0
BRDA:66,13,0,69
BRDA:69,14,0,6
BRDA:78,15,0,9
BRDA:82,16,0,223
BRDA:83,17,0,170
BRDA:86,18,0,53
BRDA:90,19,0,48
BRDA:98,20,0,14
BRDA:99,21,0,0
BRDA:101,22,0,18
BRDA:102,23,0,2
BRDA:102,24,0,16
BRDA:104,25,0,13
BRDA:118,26,0,12
BRF:27
BRH:25
end_of_record
TN:
SF:src\lib\registry.js
FN:14,<instance_members_initializer>
FN:22,Registry
FN:58,get version
FN:62,get configuration
FN:63,serializeRights
FN:155,get data
FN:194,get CRUD
FN:205,get USAGE
FN:220,get currentUser
FN:224,set currentUser
FN:262,createResource
FN:280,get resources
FN:288,get resourceList
FN:298,resource
FN:308,removeResource
FN:332,createRole
FN:340,get roles
FN:348,get roleList
FN:358,role
FN:368,removeRole
FN:412,createUser
FN:449,get users
FN:457,get userList
FN:467,user
FN:477,removeUser
FN:487,everyone
FN:502,all
FN:517,createGroup
FN:536,get groups
FN:544,get groupList
FN:554,group
FN:563,removeGroup
FN:591,authorized
FN:599,isUserAuthorized
FN:604,reset
FN:622,load
FNF:36
FNH:26
FNDA:1,<instance_members_initializer>
FNDA:1,Registry
FNDA:0,get version
FNDA:2,get configuration
FNDA:14,serializeRights
FNDA:1,get data
FNDA:5,get CRUD
FNDA:2,get USAGE
FNDA:15,get currentUser
FNDA:0,set currentUser
FNDA:16,createResource
FNDA:14,get resources
FNDA:1,get resourceList
FNDA:101,resource
FNDA:3,removeResource
FNDA:13,createRole
FNDA:6,get roles
FNDA:0,get roleList
FNDA:46,role
FNDA:3,removeRole
FNDA:3,createUser
FNDA:3,get users
FNDA:0,get userList
FNDA:0,user
FNDA:2,removeUser
FNDA:16,everyone
FNDA:0,all
FNDA:11,createGroup
FNDA:0,get groups
FNDA:0,get groupList
FNDA:58,group
FNDA:0,removeGroup
FNDA:3,authorized
FNDA:0,isUserAuthorized
FNDA:3,reset
FNDA:1,load
DA:1,1
DA:2,1
DA:3,1
DA:4,1
DA:5,1
DA:6,1
DA:7,1
DA:8,1
DA:9,1
DA:10,1
DA:11,1
DA:12,1
DA:13,1
DA:14,1
DA:15,1
DA:16,1
DA:17,1
DA:18,1
DA:19,1
DA:20,1
DA:21,1
DA:22,1
DA:23,1
DA:24,1
DA:25,1
DA:26,1
DA:27,1
DA:28,1
DA:29,1
DA:30,1
DA:31,1
DA:32,1
DA:33,1
DA:34,1
DA:35,1
DA:36,1
DA:37,1
DA:38,1
DA:39,1
DA:40,1
DA:41,1
DA:42,1
DA:43,11
DA:44,11
DA:45,11
DA:46,4
DA:47,4
DA:48,1
DA:49,1
DA:50,1
DA:51,1
DA:52,1
DA:53,1
DA:54,1
DA:55,1
DA:56,1
DA:57,1
DA:58,1
DA:59,0
DA:60,0
DA:61,1
DA:62,1
DA:63,2
DA:64,14
DA:65,34
DA:66,34
DA:67,34
DA:68,34
DA:69,14
DA:70,14
DA:71,2
DA:72,2
DA:73,6
DA:74,6
DA:75,6
DA:76,6
DA:77,6
DA:78,6
DA:79,6
DA:80,6
DA:81,2
DA:82,2
DA:83,6
DA:84,6
DA:85,2
DA:86,2
DA:87,2
DA:88,2
DA:89,6
DA:90,6
DA:91,6
DA:92,6
DA:93,6
DA:94,6
DA:95,6
DA:96,6
DA:97,2
DA:98,2
DA:99,2
DA:100,13
DA:101,13
DA:102,13
DA:103,13
DA:104,12
DA:105,12
DA:106,13
DA:107,13
DA:108,9
DA:109,13
DA:110,4
DA:111,4
DA:112,13
DA:113,13
DA:114,13
DA:115,9
DA:116,9
DA:117,13
DA:118,13
DA:119,2
DA:120,2
DA:121,4
DA:122,4
DA:123,4
DA:124,4
DA:125,4
DA:126,4
DA:127,4
DA:128,2
DA:129,2
DA:130,4
DA:131,4
DA:132,0
DA:133,0
DA:134,4
DA:135,4
DA:136,0
DA:137,0
DA:138,0
DA:139,0
DA:140,0
DA:141,0
DA:142,0
DA:143,0
DA:144,0
DA:145,4
DA:146,4
DA:147,2
DA:148,2
DA:149,2
DA:150,2
DA:151,2
DA:152,2
DA:153,2
DA:154,1
DA:155,1
DA:156,1
DA:157,1
DA:158,2
DA:159,2
DA:160,2
DA:161,2
DA:162,1
DA:163,1
DA:164,1
DA:165,1
DA:166,1
DA:167,0
DA:168,0
DA:169,1
DA:170,1
DA:171,1
DA:172,1
DA:173,1
DA:174,1
DA:175,1
DA:176,1
DA:177,0
DA:178,0
DA:179,0
DA:180,1
DA:181,1
DA:182,1
DA:183,1
DA:184,1
DA:185,1
DA:186,1
DA:187,1
DA:188,1
DA:189,1
DA:190,1
DA:191,1
DA:192,1
DA:193,1
DA:194,1
DA:195,5
DA:196,5
DA:197,1
DA:198,1
DA:199,1
DA:200,1
DA:201,1
DA:202,1
DA:203,1
DA:204,1
DA:205,1
DA:206,2
DA:207,2
DA:208,1
DA:209,1
DA:210,1
DA:211,1
DA:212,1
DA:213,1
DA:214,1
DA:215,1
DA:216,1
DA:217,1
DA:218,1
DA:219,1
DA:220,1
DA:221,15
DA:222,15
DA:223,1
DA:224,1
DA:225,0
DA:226,0
DA:227,0
DA:228,0
DA:229,0
DA:230,0
DA:231,0
DA:232,0
DA:233,0
DA:234,0
DA:235,0
DA:236,0
DA:237,0
DA:238,0
DA:239,0
DA:240,0
DA:241,0
DA:242,0
DA:243,0
DA:244,0
DA:245,0
DA:246,0
DA:247,1
DA:248,1
DA:249,1
DA:250,1
DA:251,1
DA:252,1
DA:253,1
DA:254,1
DA:255,1
DA:256,1
DA:257,1
DA:258,1
DA:259,1
DA:260,1
DA:261,1
DA:262,1
DA:263,16
DA:264,3
DA:265,3
DA:266,8
DA:267,8
DA:268,8
DA:269,3
DA:270,3
DA:271,16
DA:272,13
DA:273,13
DA:274,16
DA:275,1
DA:276,1
DA:277,1
DA:278,1
DA:279,1
DA:280,1
DA:281,14
DA:282,14
DA:283,1
DA:284,1
DA:285,1
DA:286,1
DA:287,1
DA:288,1
DA:289,1
DA:290,1
DA:291,1
DA:292,1
DA:293,1
DA:294,1
DA:295,1
DA:296,1
DA:297,1
DA:298,1
DA:299,101
DA:300,101
DA:301,1
DA:302,1
DA:303,1
DA:304,1
DA:305,1
DA:306,1
DA:307,1
DA:308,1
DA:309,3
DA:310,3
DA:311,1
DA:312,1
DA:313,1
DA:314,1
DA:315,1
DA:316,1
DA:317,1
DA:318,1
DA:319,1
DA:320,1
DA:321,1
DA:322,1
DA:323,1
DA:324,1
DA:325,1
DA:326,1
DA:327,1
DA:328,1
DA:329,1
DA:330,1
DA:331,1
DA:332,1
DA:333,13
DA:334,13
DA:335,1
DA:336,1
DA:337,1
DA:338,1
DA:339,1
DA:340,1
DA:341,6
DA:342,6
DA:343,1
DA:344,1
DA:345,1
DA:346,1
DA:347,1
DA:348,1
DA:349,0
DA:350,0
DA:351,1
DA:352,1
DA:353,1
DA:354,1
DA:355,1
DA:356,1
DA:357,1
DA:358,1
DA:359,46
DA:360,46
DA:361,1
DA:362,1
DA:363,1
DA:364,1
DA:365,1
DA:366,1
DA:367,1
DA:368,1
DA:369,3
DA:370,4
DA:371,2
DA:372,2
DA:373,2
DA:374,2
DA:375,0
DA:376,0
DA:377,3
DA:378,3
DA:379,3
DA:380,2
DA:381,2
DA:382,3
DA:383,1
DA:384,1
DA:385,1
DA:386,1
DA:387,1
DA:388,1
DA:389,1
DA:390,1
DA:391,1
DA:392,1
DA:393,1
DA:394,1
DA:395,1
DA:396,1
DA:397,1
DA:398,1
DA:399,1
DA:400,1
DA:401,1
DA:402,1
DA:403,1
DA:404,1
DA:405,1
DA:406,1
DA:407,1
DA:408,1
DA:409,1
DA:410,1
DA:411,1
DA:412,1
DA:413,3
DA:414,1
DA:415,1
DA:416,2
DA:417,2
DA:418,2
DA:419,2
DA:420,2
DA:421,0
DA:422,0
DA:423,0
DA:424,0
DA:425,0
DA:426,0
DA:427,0
DA:428,0
DA:429,0
DA:430,0
DA:431,0
DA:432,0
DA:433,0
DA:434,2
DA:435,2
DA:436,2
DA:437,2
DA:438,2
DA:439,2
DA:440,2
DA:441,2
DA:442,3
DA:443,3
DA:444,1
DA:445,1
DA:446,1
DA:447,1
DA:448,1
DA:449,1
DA:450,3
DA:451,3
DA:452,1
DA:453,1
DA:454,1
DA:455,1
DA:456,1
DA:457,1
DA:458,0
DA:459,0
DA:460,1
DA:461,1
DA:462,1
DA:463,1
DA:464,1
DA:465,1
DA:466,1
DA:467,1
DA:468,0
DA:469,0
DA:470,1
DA:471,1
DA:472,1
DA:473,1
DA:474,1
DA:475,1
DA:476,1
DA:477,1
DA:478,2
DA:479,2
DA:480,2
DA:481,1
DA:482,1
DA:483,1
DA:484,1
DA:485,1
DA:486,1
DA:487,1
DA:488,16
DA:489,16
DA:490,16
DA:491,13
DA:492,4
DA:493,8
DA:494,8
DA:495,8
DA:496,13
DA:497,9
DA:498,9
DA:499,13
DA:500,16
DA:501,1
DA:502,1
DA:503,0
DA:504,0
DA:505,0
DA:506,0
DA:507,1
DA:508,1
DA:509,1
DA:510,1
DA:511,1
DA:512,1
DA:513,1
DA:514,1
DA:515,1
DA:516,1
DA:517,1
DA:518,11
DA:519,11
DA:520,11
DA:521,11
DA:522,11
DA:523,11
DA:524,11
DA:525,11
DA:526,0
DA:527,0
DA:528,11
DA:529,11
DA:530,11
DA:531,1
DA:532,1
DA:533,1
DA:534,1
DA:535,1
DA:536,1
DA:537,0
DA:538,0
DA:539,1
DA:540,1
DA:541,1
DA:542,1
DA:543,1
DA:544,1
DA:545,0
DA:546,0
DA:547,1
DA:548,1
DA:549,1
DA:550,1
DA:551,1
DA:552,1
DA:553,1
DA:554,1
DA:555,58
DA:556,58
DA:557,1
DA:558,1
DA:559,1
DA:560,1
DA:561,1
DA:562,1
DA:563,1
DA:564,0
DA:565,0
DA:566,1
DA:567,1
DA:568,1
DA:569,1
DA:570,1
DA:571,1
DA:572,1
DA:573,1
DA:574,1
DA:575,1
DA:576,1
DA:577,1
DA:578,1
DA:579,1
DA:580,1
DA:581,1
DA:582,1
DA:583,1
DA:584,1
DA:585,1
DA:586,1
DA:587,1
DA:588,1
DA:589,1
DA:590,1
DA:591,1
DA:592,3
DA:593,0
DA:594,0
DA:595,3
DA:596,3
DA:597,3
DA:598,1
DA:599,1
DA:600,0
DA:601,0
DA:602,0
DA:603,1
DA:604,1
DA:605,3
DA:606,3
DA:607,3
DA:608,3
DA:609,3
DA:610,3
DA:611,3
DA:612,3
DA:613,3
DA:614,3
DA:615,3
DA:616,3
DA:617,3
DA:618,0
DA:619,0
DA:620,3
DA:621,1
DA:622,1
DA:623,1
DA:624,0
DA:625,0
DA:626,1
DA:627,1
DA:628,1
DA:629,1
DA:630,1
DA:631,1
DA:632,1
DA:633,1
DA:634,3
DA:635,3
DA:636,3
DA:637,1
DA:638,1
DA:639,1
DA:640,1
DA:641,3
DA:642,3
DA:643,1
DA:644,3
DA:645,2
DA:646,2
DA:647,0
DA:648,0
DA:649,2
DA:650,3
DA:651,3
DA:652,1
DA:653,1
DA:654,1
DA:655,1
DA:656,1
DA:657,1
DA:658,7
DA:659,7
DA:660,7
DA:661,7
DA:662,1
DA:663,1
DA:664,7
DA:665,7
DA:666,2
DA:667,2
DA:668,7
DA:669,7
DA:670,2
DA:671,2
DA:672,7
DA:673,7
DA:674,1
DA:675,1
DA:676,1
DA:677,2
DA:678,0
DA:679,0
DA:680,0
DA:681,2
DA:682,1
DA:683,1
DA:684,1
DA:685,1
DA:686,2
DA:687,2
DA:688,2
DA:689,2
DA:690,2
DA:691,2
DA:692,2
DA:693,2
DA:694,2
DA:695,0
DA:696,0
DA:697,2
DA:698,2
DA:699,2
DA:700,2
DA:701,2
DA:702,2
DA:703,0
DA:704,0
DA:705,2
DA:706,1
DA:707,1
DA:708,1
DA:709,1
DA:710,1
DA:711,1
DA:712,1
DA:713,1
DA:714,1
LF:714
LH:623
BRDA:1,0,0,1
BRDA:14,1,0,1
BRDA:22,2,0,1
BRDA:30,3,0,31
BRDA:36,4,0,19
BRDA:37,5,0,4
BRDA:42,6,0,11
BRDA:45,7,0,4
BRDA:49,8,0,2
BRDA:54,9,0,28
BRDA:62,10,0,2
BRDA:63,11,0,14
BRDA:64,12,0,34
BRDA:66,13,0,2
BRDA:66,14,0,32
BRDA:72,15,0,6
BRDA:80,16,0,2
BRDA:74,17,0,8
BRDA:74,18,0,10
BRDA:88,19,0,6
BRDA:92,20,0,0
BRDA:99,21,0,13
BRDA:103,22,0,12
BRDA:107,23,0,9
BRDA:109,24,0,4
BRDA:114,25,0,9
BRDA:110,26,0,6
BRDA:113,27,0,4
BRDA:120,28,0,4
BRDA:127,29,0,2
BRDA:131,30,0,0
BRDA:135,31,0,0
BRDA:155,32,0,1
BRDA:157,33,0,2
BRDA:160,34,0,8
BRDA:160,35,0,0
BRDA:162,36,0,1
BRDA:162,37,0,0
BRDA:163,38,0,1
BRDA:166,39,0,0
BRDA:194,40,0,5
BRDA:205,41,0,2
BRDA:220,42,0,15
BRDA:262,43,0,16
BRDA:263,44,0,3
BRDA:265,45,0,8
BRDA:266,46,0,0
BRDA:271,47,0,13
BRDA:280,48,0,14
BRDA:288,49,0,1
BRDA:298,50,0,101
BRDA:308,51,0,3
BRDA:309,52,0,2
BRDA:309,53,0,1
BRDA:332,54,0,13
BRDA:340,55,0,6
BRDA:358,56,0,46
BRDA:368,57,0,3
BRDA:369,58,0,2
BRDA:369,59,0,1
BRDA:379,60,0,2
BRDA:369,61,0,4
BRDA:370,62,0,2
BRDA:375,63,0,0
BRDA:412,64,0,3
BRDA:413,65,0,1
BRDA:416,66,0,2
BRDA:442,67,0,0
BRDA:419,68,0,2
BRDA:420,69,0,0
BRDA:449,70,0,3
BRDA:477,71,0,2
BRDA:478,72,0,1
BRDA:478,73,0,1
BRDA:487,74,0,16
BRDA:490,75,0,13
BRDA:491,76,0,4
BRDA:492,77,0,8
BRDA:493,78,0,3
BRDA:493,79,0,5
BRDA:496,80,0,9
BRDA:517,81,0,11
BRDA:525,82,0,0
BRDA:529,83,0,0
BRDA:554,84,0,58
BRDA:591,85,0,3
BRDA:592,86,0,0
BRDA:604,87,0,3
BRDA:617,88,0,0
BRDA:622,89,0,1
BRDA:623,90,0,0
BRDA:629,91,0,0
BRDA:630,92,0,0
BRDA:633,93,0,3
BRDA:640,94,0,3
BRDA:642,95,0,1
BRDA:644,96,0,2
BRDA:646,97,0,0
BRDA:657,98,0,7
BRDA:661,99,0,1
BRDA:665,100,0,2
BRDA:669,101,0,2
BRDA:669,102,0,2
BRDA:676,103,0,2
BRDA:677,104,0,0
BRDA:685,105,0,2
BRDA:686,106,0,1
BRDA:686,107,0,1
BRDA:694,108,0,0
BRDA:702,109,0,0
BRDA:666,110,0,2
BRDA:666,111,0,0
BRDA:669,112,0,4
BRF:113
BRH:91
end_of_record
TN:
SF:src\lib\trace.js
FN:4,track
FN:27,trace
FNF:2
FNH:2
FNDA:3,track
FNDA:3,trace
DA:1,1
DA:2,1
DA:3,1
DA:4,1
DA:5,3
DA:6,3
DA:7,3
DA:8,3
DA:9,3
DA:10,2
DA:11,2
DA:12,3
DA:13,3
DA:14,3
DA:15,1
DA:16,1
DA:17,1
DA:18,1
DA:19,1
DA:20,1
DA:21,1
DA:22,1
DA:23,1
DA:24,1
DA:25,1
DA:26,1
DA:27,1
DA:28,3
DA:29,3
DA:30,3
DA:31,3
DA:32,3
DA:33,3
DA:34,3
DA:35,3
DA:36,2
DA:37,2
DA:38,1
DA:39,1
DA:40,3
DA:41,0
DA:42,0
DA:43,3
DA:44,1
DA:45,1
DA:46,1
DA:47,1
DA:48,1
DA:49,1
DA:50,1
DA:51,1
DA:52,1
DA:53,1
DA:54,1
DA:55,1
DA:56,1
DA:57,1
DA:58,1
DA:59,0
DA:60,0
DA:61,0
DA:62,0
DA:63,0
DA:64,0
DA:65,0
DA:66,0
DA:67,1
DA:68,1
DA:69,0
DA:70,0
DA:71,3
DA:72,1
LF:72
LH:60
BRDA:1,0,0,1
BRDA:4,1,0,3
BRDA:6,2,0,1
BRDA:6,3,0,2
BRDA:7,4,0,2
BRDA:7,5,0,1
BRDA:9,6,0,2
BRDA:27,7,0,3
BRDA:34,8,0,1
BRDA:35,9,0,2
BRDA:38,10,0,1
BRDA:40,11,0,0
BRDA:44,12,0,1
BRDA:50,13,0,0
BRDA:59,14,0,0
BRDA:69,15,0,0
BRDA:31,16,0,3
BRDA:33,17,0,3
BRF:18
BRH:14
end_of_record
TN:
SF:src\lib\utilities.js
FN:4,hiddenconstant
FN:8,capitalize
FN:12,retrieve
FNF:3
FNH:3
FNDA:348,hiddenconstant
FNDA:1,capitalize
FNDA:4,retrieve
DA:1,1
DA:2,1
DA:3,1
DA:4,1
DA:5,348
DA:6,348
DA:7,1
DA:8,1
DA:9,1
DA:10,1
DA:11,1
DA:12,1
DA:13,4
DA:14,164
DA:15,164
DA:16,164
DA:17,164
DA:18,0
DA:19,0
DA:20,164
DA:21,164
DA:22,164
DA:23,4
DA:24,1
DA:25,1
DA:26,1
DA:27,1
DA:28,1
LF:28
LH:26
BRDA:1,0,0,1
BRDA:4,1,0,348
BRDA:8,2,0,1
BRDA:12,3,0,4
BRDA:13,4,0,164
BRDA:14,5,0,38
BRDA:14,6,0,126
BRDA:17,7,0,125
BRDA:17,8,0,0
BRF:9
BRH:8
end_of_record
TN:
SF:src\lib\actors\group.js
FN:10,<instance_members_initializer>
FN:16,Group
FN:46,get
FN:57,get
FN:103,get data
FN:115,get roles
FN:123,get roleList
FN:131,get memberCount
FN:139,get userCount
FN:147,get groupCount
FN:155,get parentCount
FN:163,get subgroups
FN:171,get subgroupList
FN:179,get users
FN:187,get userList
FN:195,get members
FN:203,get memberList
FN:214,assign
FN:234,revoke
FN:253,add
FN:301,remove
FN:330,clearRoles
FN:346,clearSubgroups
FN:355,clearUsers
FN:364,has
FN:368,destroy
FN:392,trace
FNF:27
FNH:19
FNDA:21,<instance_members_initializer>
FNDA:21,Group
FNDA:12,get
FNDA:4,get
FNDA:17,get data
FNDA:25,get roles
FNDA:0,get roleList
FNDA:4,get memberCount
FNDA:2,get userCount
FNDA:2,get groupCount
FNDA:2,get parentCount
FNDA:24,get subgroups
FNDA:0,get subgroupList
FNDA:19,get users
FNDA:0,get userList
FNDA:19,get members
FNDA:0,get memberList
FNDA:8,assign
FNDA:1,revoke
FNDA:13,add
FNDA:4,remove
FNDA:0,clearRoles
FNDA:0,clearSubgroups
FNDA:0,clearUsers
FNDA:17,has
FNDA:0,destroy
FNDA:2,trace
DA:1,1
DA:2,1
DA:3,1
DA:4,1
DA:5,1
DA:6,1
DA:7,1
DA:8,1
DA:9,1
DA:10,1
DA:11,21
DA:12,21
DA:13,21
DA:14,21
DA:15,21
DA:16,21
DA:17,21
DA:18,0
DA:19,0
DA:20,21
DA:21,21
DA:22,21
DA:23,21
DA:24,21
DA:25,5
DA:26,0
DA:27,0
DA:28,5
DA:29,5
DA:30,21
DA:31,21
DA:32,21
DA:33,6
DA:34,0
DA:35,0
DA:36,6
DA:37,6
DA:38,0
DA:39,0
DA:40,0
DA:41,0
DA:42,6
DA:43,6
DA:44,21
DA:45,21
DA:46,21
DA:47,12
DA:48,12
DA:49,21
DA:50,21
DA:51,21
DA:52,21
DA:53,21
DA:54,21
DA:55,21
DA:56,21
DA:57,21
DA:58,4
DA:59,4
DA:60,4
DA:61,2
DA:62,2
DA:63,2
DA:64,2
DA:65,4
DA:66,4
DA:67,4
DA:68,21
DA:69,21
DA:70,21
DA:71,21
DA:72,21
DA:73,21
DA:74,21
DA:75,21
DA:76,21
DA:77,21
DA:78,0
DA:79,0
DA:80,0
DA:81,0
DA:82,0
DA:83,0
DA:84,0
DA:85,0
DA:86,0
DA:87,0
DA:88,0
DA:89,0
DA:90,0
DA:91,0
DA:92,0
DA:93,0
DA:94,0
DA:95,0
DA:96,0
DA:97,21
DA:98,21
DA:99,21
DA:100,21
DA:101,21
DA:102,21
DA:103,21
DA:104,17
DA:105,17
DA:106,17
DA:107,17
DA:108,17
DA:109,17
DA:110,21
DA:111,21
DA:112,21
DA:113,21
DA:114,21
DA:115,21
DA:116,25
DA:117,25
DA:118,21
DA:119,21
DA:120,21
DA:121,21
DA:122,21
DA:123,21
DA:124,0
DA:125,0
DA:126,21
DA:127,21
DA:128,21
DA:129,21
DA:130,21
DA:131,21
DA:132,4
DA:133,4
DA:134,21
DA:135,21
DA:136,21
DA:137,21
DA:138,21
DA:139,21
DA:140,2
DA:141,2
DA:142,21
DA:143,21
DA:144,21
DA:145,21
DA:146,21
DA:147,21
DA:148,2
DA:149,2
DA:150,21
DA:151,21
DA:152,21
DA:153,21
DA:154,21
DA:155,21
DA:156,2
DA:157,2
DA:158,21
DA:159,21
DA:160,21
DA:161,21
DA:162,21
DA:163,21
DA:164,24
DA:165,24
DA:166,21
DA:167,21
DA:168,21
DA:169,21
DA:170,21
DA:171,21
DA:172,0
DA:173,0
DA:174,21
DA:175,21
DA:176,21
DA:177,21
DA:178,21
DA:179,21
DA:180,19
DA:181,19
DA:182,21
DA:183,21
DA:184,21
DA:185,21
DA:186,21
DA:187,21
DA:188,0
DA:189,0
DA:190,21
DA:191,21
DA:192,21
DA:193,21
DA:194,21
DA:195,21
DA:196,19
DA:197,19
DA:198,21
DA:199,21
DA:200,21
DA:201,21
DA:202,21
DA:203,21
DA:204,0
DA:205,0
DA:206,21
DA:207,21
DA:208,21
DA:209,21
DA:210,21
DA:211,21
DA:212,21
DA:213,21
DA:214,21
DA:215,8
DA:216,8
DA:217,8
DA:218,8
DA:219,8
DA:220,8
DA:221,8
DA:222,8
DA:223,8
DA:224,8
DA:225,8
DA:226,21
DA:227,21
DA:228,21
DA:229,21
DA:230,21
DA:231,21
DA:232,21
DA:233,21
DA:234,21
DA:235,1
DA:236,1
DA:237,1
DA:238,1
DA:239,1
DA:240,1
DA:241,1
DA:242,1
DA:243,1
DA:244,1
DA:245,1
DA:246,21
DA:247,21
DA:248,21
DA:249,21
DA:250,21
DA:251,21
DA:252,21
DA:253,21
DA:254,13
DA:255,14
DA:256,14
DA:257,14
DA:258,2
DA:259,2
DA:260,14
DA:261,14
DA:262,14
DA:263,14
DA:264,6
DA:265,0
DA:266,0
DA:267,6
DA:268,6
DA:269,5
DA:270,5
DA:271,5
DA:272,5
DA:273,6
DA:274,6
DA:275,14
DA:276,14
DA:277,8
DA:278,8
DA:279,8
DA:280,8
DA:281,8
DA:282,8
DA:283,14
DA:284,14
DA:285,0
DA:286,14
DA:287,14
DA:288,0
DA:289,0
DA:290,14
DA:291,13
DA:292,13
DA:293,13
DA:294,21
DA:295,21
DA:296,21
DA:297,21
DA:298,21
DA:299,21
DA:300,21
DA:301,21
DA:302,4
DA:303,4
DA:304,4
DA:305,4
DA:306,1
DA:307,1
DA:308,4
DA:309,4
DA:310,1
DA:311,1
DA:312,1
DA:313,1
DA:314,1
DA:315,4
DA:316,3
DA:317,3
DA:318,3
DA:319,3
DA:320,3
DA:321,0
DA:322,0
DA:323,0
DA:324,0
DA:325,4
DA:326,4
DA:327,4
DA:328,4
DA:329,21
DA:330,21
DA:331,0
DA:332,0
DA:333,0
DA:334,0
DA:335,0
DA:336,0
DA:337,0
DA:338,0
DA:339,0
DA:340,0
DA:341,0
DA:342,0
DA:343,0
DA:344,0
DA:345,21
DA:346,21
DA:347,0
DA:348,0
DA:349,0
DA:350,0
DA:351,0
DA:352,0
DA:353,0
DA:354,21
DA:355,21
DA:356,0
DA:357,0
DA:358,0
DA:359,0
DA:360,0
DA:361,0
DA:362,0
DA:363,21
DA:364,21
DA:365,17
DA:366,17
DA:367,21
DA:368,21
DA:369,0
DA:370,0
DA:371,0
DA:372,0
DA:373,0
DA:374,0
DA:375,0
DA:376,0
DA:377,0
DA:378,0
DA:379,0
DA:380,0
DA:381,21
DA:382,21
DA:383,21
DA:384,21
DA:385,21
DA:386,21
DA:387,21
DA:388,21
DA:389,21
DA:390,21
DA:391,21
DA:392,21
DA:393,2
DA:394,2
DA:395,21
LF:395
LH:309
BRDA:1,0,0,1
BRDA:10,1,0,21
BRDA:16,2,0,21
BRDA:17,3,0,0
BRDA:24,4,0,5
BRDA:25,5,0,0
BRDA:31,6,0,1
BRDA:32,7,0,6
BRDA:33,8,0,0
BRDA:37,9,0,0
BRDA:46,10,0,12
BRDA:57,11,0,4
BRDA:60,12,0,2
BRDA:103,13,0,17
BRDA:105,14,0,8
BRDA:106,15,0,14
BRDA:106,16,0,8
BRDA:106,17,0,6
BRDA:107,18,0,2
BRDA:115,19,0,25
BRDA:131,20,0,4
BRDA:139,21,0,2
BRDA:147,22,0,2
BRDA:155,23,0,2
BRDA:163,24,0,24
BRDA:179,25,0,19
BRDA:195,26,0,19
BRDA:214,27,0,8
BRDA:234,28,0,1
BRDA:253,29,0,13
BRDA:254,30,0,14
BRDA:257,31,0,2
BRDA:263,32,0,6
BRDA:264,33,0,0
BRDA:268,34,0,5
BRDA:276,35,0,8
BRDA:284,36,0,0
BRDA:287,37,0,0
BRDA:301,38,0,4
BRDA:305,39,0,1
BRDA:309,40,0,1
BRDA:315,41,0,3
BRDA:320,42,0,0
BRDA:364,43,0,17
BRDA:365,44,0,6
BRDA:392,45,0,2
BRF:46
BRH:38
end_of_record
TN:
SF:src\lib\actors\resource.js
FN:10,<instance_members_initializer>
FN:14,Resource
FN:42,get rights
FN:46,get data
FN:57,has
FN:73,destroy
FNF:6
FNH:6
FNDA:22,<instance_members_initializer>
FNDA:22,Resource
FNDA:14,get rights
FNDA:8,get data
FNDA:1,has
FNDA:7,destroy
DA:1,1
DA:2,1
DA:3,1
DA:4,1
DA:5,1
DA:6,1
DA:7,1
DA:8,1
DA:9,1
DA:10,1
DA:11,22
DA:12,22
DA:13,22
DA:14,22
DA:15,22
DA:16,22
DA:17,22
DA:18,22
DA:19,22
DA:20,22
DA:21,89
DA:22,89
DA:23,22
DA:24,22
DA:25,22
DA:26,24
DA:27,24
DA:28,22
DA:29,22
DA:30,0
DA:31,0
DA:32,22
DA:33,22
DA:34,22
DA:35,22
DA:36,22
DA:37,22
DA:38,22
DA:39,22
DA:40,22
DA:41,22
DA:42,22
DA:43,14
DA:44,14
DA:45,22
DA:46,22
DA:47,8
DA:48,8
DA:49,8
DA:50,8
DA:51,22
DA:52,22
DA:53,22
DA:54,22
DA:55,22
DA:56,22
DA:57,22
DA:58,1
DA:59,1
DA:60,1
DA:61,0
DA:62,0
DA:63,1
DA:64,1
DA:65,2
DA:66,1
DA:67,1
DA:68,2
DA:69,0
DA:70,0
DA:71,1
DA:72,22
DA:73,22
DA:74,7
DA:75,10
DA:76,10
DA:77,7
DA:78,7
DA:79,7
DA:80,22
LF:80
LH:74
BRDA:1,0,0,1
BRDA:10,1,0,22
BRDA:14,2,0,22
BRDA:16,3,0,0
BRDA:20,4,0,89
BRDA:25,5,0,24
BRDA:42,6,0,14
BRDA:46,7,0,8
BRDA:48,8,0,32
BRDA:57,9,0,1
BRDA:60,10,0,0
BRDA:64,11,0,2
BRDA:65,12,0,1
BRDA:69,13,0,0
BRDA:73,14,0,7
BRDA:74,15,0,10
BRF:16
BRH:13
end_of_record
TN:
SF:src\lib\actors\right.js
FN:14,<instance_members_initializer>
FN:20,Right
FN:66,get title
FN:70,get all
FN:74,get granted
FN:78,get denied
FN:82,get forced
FN:86,get data
FN:101,is
FNF:9
FNH:9
FNDA:126,<instance_members_initializer>
FNDA:126,Right
FNDA:4,get title
FNDA:110,get all
FNDA:152,get granted
FNDA:20,get denied
FNDA:84,get forced
FNDA:68,get data
FNDA:28,is
DA:1,1
DA:2,1
DA:3,1
DA:4,1
DA:5,1
DA:6,1
DA:7,1
DA:8,1
DA:9,1
DA:10,1
DA:11,1
DA:12,1
DA:13,1
DA:14,1
DA:15,126
DA:16,126
DA:17,126
DA:18,126
DA:19,126
DA:20,126
DA:21,126
DA:22,126
DA:23,126
DA:24,0
DA:25,0
DA:26,0
DA:27,0
DA:28,0
DA:29,0
DA:30,126
DA:31,126
DA:32,13
DA:33,0
DA:34,0
DA:35,13
DA:36,13
DA:37,13
DA:38,1
DA:39,1
DA:40,13
DA:41,13
DA:42,13
DA:43,13
DA:44,13
DA:45,13
DA:46,0
DA:47,13
DA:48,13
DA:49,13
DA:50,13
DA:51,0
DA:52,0
DA:53,13
DA:54,126
DA:55,126
DA:56,126
DA:57,126
DA:58,126
DA:59,126
DA:60,126
DA:61,126
DA:62,126
DA:63,126
DA:64,126
DA:65,126
DA:66,126
DA:67,4
DA:68,4
DA:69,126
DA:70,126
DA:71,110
DA:72,110
DA:73,126
DA:74,126
DA:75,152
DA:76,152
DA:77,126
DA:78,126
DA:79,20
DA:80,20
DA:81,126
DA:82,126
DA:83,84
DA:84,84
DA:85,126
DA:86,126
DA:87,68
DA:88,68
DA:89,68
DA:90,68
DA:91,68
DA:92,68
DA:93,68
DA:94,126
DA:95,126
DA:96,126
DA:97,126
DA:98,126
DA:99,126
DA:100,126
DA:101,126
DA:102,28
DA:103,0
DA:104,0
DA:105,28
DA:106,28
DA:107,28
DA:108,13
DA:109,13
DA:110,15
DA:111,15
DA:112,28
DA:113,126
LF:113
LH:100
BRDA:1,0,0,1
BRDA:14,1,0,126
BRDA:20,2,0,126
BRDA:23,3,0,0
BRDA:31,4,0,13
BRDA:32,5,0,0
BRDA:37,6,0,1
BRDA:37,7,0,1
BRDA:45,8,0,0
BRDA:50,9,0,0
BRDA:58,10,0,28
BRDA:58,11,0,98
BRDA:59,12,0,17
BRDA:59,13,0,109
BRDA:61,14,0,0
BRDA:66,15,0,4
BRDA:70,16,0,110
BRDA:74,17,0,152
BRDA:78,18,0,20
BRDA:82,19,0,84
BRDA:86,20,0,68
BRDA:88,21,0,56
BRDA:88,22,0,49
BRDA:88,23,0,7
BRDA:88,24,0,22
BRDA:88,25,0,34
BRDA:89,26,0,35
BRDA:89,27,0,33
BRDA:101,28,0,28
BRDA:102,29,0,0
BRDA:107,30,0,13
BRDA:110,31,0,15
BRF:32
BRH:26
end_of_record
TN:
SF:src\lib\actors\role.js
FN:13,<instance_members_initializer>
FN:16,Role
FN:43,get data
FN:57,get resourceList
FN:65,get resources
FN:73,get rights
FN:83,appliesToResource
FN:93,assignRights
FN:106,revokeRights
FN:140,authorized
FN:156,reset
FNF:11
FNH:11
FNDA:13,<instance_members_initializer>
FNDA:14,Role
FNDA:19,get data
FNDA:3,get resourceList
FNDA:1,get resources
FNDA:41,get rights
FNDA:31,appliesToResource
FNDA:24,assignRights
FNDA:19,revokeRights
FNDA:8,authorized
FNDA:3,reset
DA:1,1
DA:2,1
DA:3,1
DA:4,1
DA:5,1
DA:6,1
DA:7,1
DA:8,1
DA:9,1
DA:10,1
DA:11,1
DA:12,1
DA:13,1
DA:14,13
DA:15,13
DA:16,13
DA:17,14
DA:18,1
DA:19,1
DA:20,13
DA:21,13
DA:22,14
DA:23,14
DA:24,14
DA:25,14
DA:26,14
DA:27,13
DA:28,0
DA:29,0
DA:30,13
DA:31,13
DA:32,16
DA:33,16
DA:34,13
DA:35,13
DA:36,13
DA:37,13
DA:38,14
DA:39,1
DA:40,1
DA:41,14
DA:42,13
DA:43,13
DA:44,19
DA:45,19
DA:46,19
DA:47,22
DA:48,22
DA:49,19
DA:50,19
DA:51,19
DA:52,13
DA:53,13
DA:54,13
DA:55,13
DA:56,13
DA:57,13
DA:58,3
DA:59,3
DA:60,13
DA:61,13
DA:62,13
DA:63,13
DA:64,13
DA:65,13
DA:66,1
DA:67,1
DA:68,13
DA:69,13
DA:70,13
DA:71,13
DA:72,13
DA:73,13
DA:74,41
DA:75,41
DA:76,13
DA:77,13
DA:78,13
DA:79,13
DA:80,13
DA:81,13
DA:82,13
DA:83,13
DA:84,31
DA:85,31
DA:86,31
DA:87,13
DA:88,13
DA:89,13
DA:90,13
DA:91,13
DA:92,13
DA:93,13
DA:94,24
DA:95,24
DA:96,24
DA:97,24
DA:98,24
DA:99,24
DA:100,13
DA:101,13
DA:102,13
DA:103,13
DA:104,13
DA:105,13
DA:106,13
DA:107,19
DA:108,9
DA:109,0
DA:110,0
DA:111,0
DA:112,0
DA:113,9
DA:114,9
DA:115,9
DA:116,9
DA:117,10
DA:118,10
DA:119,10
DA:120,10
DA:121,19
DA:122,0
DA:123,0
DA:124,0
DA:125,0
DA:126,0
DA:127,0
DA:128,0
DA:129,19
DA:130,13
DA:131,13
DA:132,13
DA:133,13
DA:134,13
DA:135,13
DA:136,13
DA:137,13
DA:138,13
DA:139,13
DA:140,13
DA:141,8
DA:142,8
DA:143,8
DA:144,2
DA:145,2
DA:146,6
DA:147,8
DA:148,8
DA:149,4
DA:150,4
DA:151,8
DA:152,2
DA:153,2
DA:154,8
DA:155,13
DA:156,13
DA:157,3
DA:158,3
DA:159,3
DA:160,13
LF:160
LH:147
BRDA:1,0,0,1
BRDA:13,1,0,13
BRDA:16,2,0,14
BRDA:17,3,0,13
BRDA:17,4,0,1
BRDA:20,5,0,13
BRDA:22,6,0,0
BRDA:26,7,0,13
BRDA:27,8,0,0
BRDA:31,9,0,16
BRDA:32,10,0,6
BRDA:32,11,0,10
BRDA:38,12,0,1
BRDA:32,13,0,21
BRDA:32,14,0,0
BRDA:43,15,0,19
BRDA:46,16,0,22
BRDA:47,17,0,27
BRDA:57,18,0,3
BRDA:65,19,0,1
BRDA:66,20,0,2
BRDA:73,21,0,41
BRDA:83,22,0,31
BRDA:93,23,0,24
BRDA:97,24,0,30
BRDA:97,25,0,21
BRDA:97,26,0,9
BRDA:106,27,0,19
BRDA:107,28,0,9
BRDA:108,29,0,0
BRDA:117,30,0,10
BRDA:121,31,0,0
BRDA:140,32,0,8
BRDA:143,33,0,2
BRDA:146,34,0,6
BRDA:148,35,0,4
BRDA:152,36,0,2
BRDA:156,37,0,3
BRF:38
BRH:33
end_of_record
TN:
SF:src\lib\actors\user.js
FN:9,<instance_members_initializer>
FN:21,User
FN:42,get
FN:63,get data
FN:79,get roles
FN:83,get roleList
FN:87,get roleNames
FN:92,get groups
FN:96,get groupList
FN:104,get disabled
FN:108,get explicitRights
FN:115,disable
FN:123,enable
FN:133,join
FN:157,leave
FN:182,assign
FN:193,setRight
FN:238,revoke
FN:255,memberOf
FN:269,of
FN:292,assignedTo
FN:299,destroy
FN:307,explicitAuthorization
FN:330,authorized
FN:400,trace
FNF:25
FNH:19
FNDA:8,<instance_members_initializer>
FNDA:8,User
FNDA:12,get
FNDA:14,get data
FNDA:0,get roles
FNDA:16,get roleList
FNDA:0,get roleNames
FNDA:16,get groups
FNDA:14,get groupList
FNDA:0,get disabled
FNDA:0,get explicitRights
FNDA:0,disable
FNDA:0,enable
FNDA:14,join
FNDA:2,leave
FNDA:1,assign
FNDA:1,setRight
FNDA:1,revoke
FNDA:1,memberOf
FNDA:2,of
FNDA:1,assignedTo
FNDA:2,destroy
FNDA:15,explicitAuthorization
FNDA:13,authorized
FNDA:2,trace
DA:1,1
DA:2,1
DA:3,1
DA:4,1
DA:5,1
DA:6,1
DA:7,1
DA:8,1
DA:9,1
DA:10,8
DA:11,8
DA:12,8
DA:13,8
DA:14,8
DA:15,8
DA:16,8
DA:17,8
DA:18,8
DA:19,8
DA:20,8
DA:21,8
DA:22,8
DA:23,8
DA:24,8
DA:25,8
DA:26,8
DA:27,4
DA:28,4
DA:29,4
DA:30,4
DA:31,4
DA:32,4
DA:33,8
DA:34,8
DA:35,8
DA:36,8
DA:37,8
DA:38,8
DA:39,8
DA:40,8
DA:41,8
DA:42,8
DA:43,12
DA:44,0
DA:45,0
DA:46,12
DA:47,12
DA:48,12
DA:49,12
DA:50,4
DA:51,6
DA:52,6
DA:53,4
DA:54,12
DA:55,12
DA:56,12
DA:57,8
DA:58,8
DA:59,8
DA:60,8
DA:61,8
DA:62,8
DA:63,8
DA:64,14
DA:65,14
DA:66,14
DA:67,14
DA:68,14
DA:69,14
DA:70,0
DA:71,0
DA:72,0
DA:73,0
DA:74,0
DA:75,14
DA:76,14
DA:77,14
DA:78,8
DA:79,8
DA:80,0
DA:81,0
DA:82,8
DA:83,8
DA:84,16
DA:85,16
DA:86,8
DA:87,8
DA:88,0
DA:89,0
DA:90,0
DA:91,8
DA:92,8
DA:93,16
DA:94,16
DA:95,8
DA:96,8
DA:97,14
DA:98,14
DA:99,8
DA:100,8
DA:101,8
DA:102,8
DA:103,8
DA:104,8
DA:105,0
DA:106,0
DA:107,8
DA:108,8
DA:109,0
DA:110,0
DA:111,8
DA:112,8
DA:113,8
DA:114,8
DA:115,8
DA:116,0
DA:117,0
DA:118,8
DA:119,8
DA:120,8
DA:121,8
DA:122,8
DA:123,8
DA:124,0
DA:125,0
DA:126,8
DA:127,8
DA:128,8
DA:129,8
DA:130,8
DA:131,8
DA:132,8
DA:133,8
DA:134,14
DA:135,14
DA:136,14
DA:137,14
DA:138,14
DA:139,8
DA:140,8
DA:141,8
DA:142,14
DA:143,14
DA:144,6
DA:145,6
DA:146,14
DA:147,14
DA:148,14
DA:149,14
DA:150,8
DA:151,8
DA:152,8
DA:153,8
DA:154,8
DA:155,8
DA:156,8
DA:157,8
DA:158,2
DA:159,3
DA:160,3
DA:161,3
DA:162,3
DA:163,3
DA:164,3
DA:165,3
DA:166,3
DA:167,3
DA:168,3
DA:169,3
DA:170,3
DA:171,2
DA:172,2
DA:173,2
DA:174,8
DA:175,8
DA:176,8
DA:177,8
DA:178,8
DA:179,8
DA:180,8
DA:181,8
DA:182,8
DA:183,1
DA:184,1
DA:185,1
DA:186,1
DA:187,1
DA:188,1
DA:189,1
DA:190,1
DA:191,1
DA:192,8
DA:193,8
DA:194,1
DA:195,0
DA:196,0
DA:197,0
DA:198,1
DA:199,1
DA:200,0
DA:201,0
DA:202,0
DA:203,0
DA:204,0
DA:205,0
DA:206,1
DA:207,1
DA:208,1
DA:209,1
DA:210,1
DA:211,0
DA:212,0
DA:213,0
DA:214,1
DA:215,1
DA:216,1
DA:217,0
DA:218,0
DA:219,0
DA:220,1
DA:221,1
DA:222,0
DA:223,0
DA:224,1
DA:225,1
DA:226,1
DA:227,1
DA:228,1
DA:229,1
DA:230,8
DA:231,8
DA:232,8
DA:233,8
DA:234,8
DA:235,8
DA:236,8
DA:237,8
DA:238,8
DA:239,1
DA:240,1
DA:241,1
DA:242,1
DA:243,1
DA:244,1
DA:245,1
DA:246,1
DA:247,1
DA:248,8
DA:249,8
DA:250,8
DA:251,8
DA:252,8
DA:253,8
DA:254,8
DA:255,8
DA:256,1
DA:257,1
DA:258,1
DA:259,1
DA:260,8
DA:261,8
DA:262,8
DA:263,8
DA:264,8
DA:265,8
DA:266,8
DA:267,8
DA:268,8
DA:269,8
DA:270,2
DA:271,2
DA:272,2
DA:273,0
DA:274,0
DA:275,2
DA:276,2
DA:277,1
DA:278,1
DA:279,1
DA:280,2
DA:281,0
DA:282,0
DA:283,0
DA:284,0
DA:285,1
DA:286,1
DA:287,2
DA:288,8
DA:289,8
DA:290,8
DA:291,8
DA:292,8
DA:293,1
DA:294,1
DA:295,8
DA:296,8
DA:297,8
DA:298,8
DA:299,8
DA:300,2
DA:301,0
DA:302,0
DA:303,2
DA:304,2
DA:305,2
DA:306,8
DA:307,8
DA:308,15
DA:309,15
DA:310,15
DA:311,15
DA:312,15
DA:313,15
DA:314,15
DA:315,2
DA:316,2
DA:317,2
DA:318,2
DA:319,2
DA:320,2
DA:321,2
DA:322,0
DA:323,0
DA:324,2
DA:325,2
DA:326,15
DA:327,15
DA:328,15
DA:329,8
DA:330,8
DA:331,13
DA:332,0
DA:333,0
DA:334,13
DA:335,13
DA:336,13
DA:337,1
DA:338,1
DA:339,12
DA:340,12
DA:341,12
DA:342,12
DA:343,12
DA:344,12
DA:345,13
DA:346,0
DA:347,0
DA:348,12
DA:349,12
DA:350,12
DA:351,12
DA:352,18
DA:353,26
DA:354,26
DA:355,18
DA:356,18
DA:357,12
DA:358,12
DA:359,13
DA:360,0
DA:361,0
DA:362,12
DA:363,12
DA:364,12
DA:365,12
DA:366,13
DA:367,14
DA:368,14
DA:369,0
DA:370,0
DA:371,14
DA:372,14
DA:373,14
DA:374,14
DA:375,16
DA:376,0
DA:377,0
DA:378,16
DA:379,16
DA:380,16
DA:381,15
DA:382,15
DA:383,16
DA:384,14
DA:385,12
DA:386,12
DA:387,13
DA:388,13
DA:389,8
DA:390,8
DA:391,8
DA:392,8
DA:393,8
DA:394,8
DA:395,8
DA:396,8
DA:397,8
DA:398,8
DA:399,8
DA:400,8
DA:401,2
DA:402,2
DA:403,2
DA:404,1
DA:405,1
DA:406,1
DA:407,1
DA:408,1
DA:409,1
DA:410,1
DA:411,1
DA:412,1
DA:413,2
DA:414,8
LF:414
LH:357
BRDA:1,0,0,1
BRDA:9,1,0,8
BRDA:21,2,0,8
BRDA:26,3,0,4
BRDA:42,4,0,12
BRDA:43,5,0,0
BRDA:49,6,0,4
BRDA:50,7,0,6
BRDA:63,8,0,14
BRDA:69,9,0,0
BRDA:65,10,0,20
BRDA:83,11,0,16
BRDA:84,12,0,23
BRDA:92,13,0,16
BRDA:96,14,0,14
BRDA:97,15,0,13
BRDA:133,16,0,14
BRDA:135,17,0,3
BRDA:135,18,0,11
BRDA:138,19,0,8
BRDA:143,20,0,6
BRDA:157,21,0,2
BRDA:158,22,0,3
BRDA:159,23,0,2
BRDA:159,24,0,1
BRDA:182,25,0,1
BRDA:193,26,0,1
BRDA:194,27,0,0
BRDA:199,28,0,0
BRDA:210,29,0,0
BRDA:216,30,0,0
BRDA:221,31,0,0
BRDA:226,32,0,1
BRDA:238,33,0,1
BRDA:255,34,0,1
BRDA:258,35,0,0
BRDA:269,36,0,2
BRDA:272,37,0,1
BRDA:272,38,0,0
BRDA:276,39,0,1
BRDA:280,40,0,0
BRDA:285,41,0,1
BRDA:292,42,0,1
BRDA:299,43,0,2
BRDA:300,44,0,0
BRDA:307,45,0,15
BRDA:314,46,0,2
BRDA:321,47,0,0
BRDA:315,48,0,2
BRDA:330,49,0,13
BRDA:331,50,0,0
BRDA:336,51,0,1
BRDA:339,52,0,12
BRDA:345,53,0,0
BRDA:348,54,0,12
BRDA:359,55,0,0
BRDA:362,56,0,12
BRDA:366,57,0,14
BRDA:368,58,0,0
BRDA:374,59,0,16
BRDA:375,60,0,0
BRDA:380,61,0,4
BRDA:380,62,0,3
BRDA:380,63,0,1
BRDA:380,64,0,0
BRDA:380,65,0,15
BRDA:385,66,0,12
BRDA:387,67,0,2
BRDA:387,68,0,10
BRDA:343,69,0,54
BRDA:350,70,0,24
BRDA:351,71,0,18
BRDA:352,72,0,26
BRDA:373,73,0,30
BRDA:373,74,0,22
BRDA:387,75,0,12
BRDA:400,76,0,2
BRDA:403,77,0,1
BRDA:405,78,0,0
BRF:79
BRH:60
end_of_record
